0 info it worked if it ends with ok
1 verbose cli [
1 verbose cli   'C:\\Program Files (x86)\\nodejs\\node.exe',
1 verbose cli   'C:\\Program Files (x86)\\nodejs\\node_modules\\npm\\bin\\npm-cli.js',
1 verbose cli   'run',
1 verbose cli   'development',
1 verbose cli   '--',
1 verbose cli   '--watch'
1 verbose cli ]
2 info using npm@6.14.6
3 info using node@v12.18.4
4 verbose run-script [ 'predevelopment', 'development', 'postdevelopment' ]
5 info lifecycle @~predevelopment: @
6 info lifecycle @~development: @
7 verbose lifecycle @~development: unsafe-perm in lifecycle true
8 verbose lifecycle @~development: PATH: C:\Program Files (x86)\nodejs\node_modules\npm\node_modules\npm-lifecycle\node-gyp-bin;C:\xampp\htdocs\react-app\react-app\node_modules\.bin;C:\Program Files (x86)\nodejs\node_modules\npm\node_modules\npm-lifecycle\node-gyp-bin;C:\xampp\htdocs\react-app\react-app\node_modules\.bin;C:\Windows\system32;C:\Windows;C:\Windows\System32\Wbem;C:\Windows\System32\WindowsPowerShell\v1.0\;C:\Program Files\Broadcom\Broadcom 802.11\Driver;C:\Program Files (x86)\Brackets\command;C:\Program Files\Git\cmd;C:\Program Files (x86)\nodejs\;;C:\Users\Felix\AppData\Local\Programs\Microsoft VS Code\bin;C:\xampp\php;C:\Users\Felix\AppData\Local\ComposerSetup\bin;C:\Users\Felix\AppData\Roaming\Composer\vendor\bin;C:\Users\Felix\AppData\Roaming\npm;C:\Program Files\heroku\bin
9 verbose lifecycle @~development: CWD: C:\xampp\htdocs\react-app\react-app
10 silly lifecycle @~development: Args: [
10 silly lifecycle   '/d /s /c',
10 silly lifecycle   'cross-env NODE_ENV=development node_modules/webpack/bin/webpack.js --progress --config=node_modules/laravel-mix/setup/webpack.config.js "--watch"'
10 silly lifecycle ]
11 silly lifecycle @~development: Returned: code: 1  signal: null
12 info lifecycle @~development: Failed to exec development script
13 verbose stack Error: @ development: `cross-env NODE_ENV=development node_modules/webpack/bin/webpack.js --progress --config=node_modules/laravel-mix/setup/webpack.config.js "--watch"`
13 verbose stack Exit status 1
13 verbose stack     at EventEmitter.<anonymous> (C:\Program Files (x86)\nodejs\node_modules\npm\node_modules\npm-lifecycle\index.js:332:16)
13 verbose stack     at EventEmitter.emit (events.js:315:20)
13 verbose stack     at ChildProcess.<anonymous> (C:\Program Files (x86)\nodejs\node_modules\npm\node_modules\npm-lifecycle\lib\spawn.js:55:14)
13 verbose stack     at ChildProcess.emit (events.js:315:20)
13 verbose stack     at maybeClose (internal/child_process.js:1021:16)
13 verbose stack     at Process.ChildProcess._handle.onexit (internal/child_process.js:286:5)
14 verbose pkgid @
15 verbose cwd C:\xampp\htdocs\react-app\react-app
16 verbose Windows_NT 6.1.7601
17 verbose argv "C:\\Program Files (x86)\\nodejs\\node.exe" "C:\\Program Files (x86)\\nodejs\\node_modules\\npm\\bin\\npm-cli.js" "run" "development" "--" "--watch"
18 verbose node v12.18.4
19 verbose npm  v6.14.6
20 error code ELIFECYCLE
21 error errno 1
22 error @ development: `cross-env NODE_ENV=development node_modules/webpack/bin/webpack.js --progress --config=node_modules/laravel-mix/setup/webpack.config.js "--watch"`
22 error Exit status 1
23 error Failed at the @ development script.
23 error This is probably not a problem with npm. There is likely additional logging output above.
24 verbose exit [ 1, true ]
